<?xml version="1.0" encoding="UTF-8"?>
<!-- Generated by org.testng.reporters.JUnitXMLReporter -->
<testsuite hostname="CAVDI2GP300066" ignored="0" name="ExecuteOps" tests="1" failures="0" timestamp="22 Mar 2021 08:22:42 GMT" time="0.235" errors="0">
  <testcase name="@BeforeTest setBaseURL" time="0.22" classname="testNGClasses.ExecuteOps">
    <failure type="java.lang.NullPointerException">
      <![CDATA[java.lang.NullPointerException
at java.util.Properties$LineReader.readLine(Unknown Source)
at java.util.Properties.load0(Unknown Source)
at java.util.Properties.load(Unknown Source)
at testBase.BaseClass.loadPropertiesFiles(BaseClass.java:1060)
at testNGClasses.ExecuteOps.setBaseURL(ExecuteOps.java:20)
at testBase.BaseClass.runTestNGSuite(BaseClass.java:279)
at testBase.BaseClass.testSuiteExecutionFlow(BaseClass.java:323)
at executionFlow.TestFlow.main(TestFlow.java:10)
... Removed 21 stack frames]]>
    </failure>
  </testcase> <!-- @BeforeTest setBaseURL -->
  <testcase name="@AfterTest endSession" time="0.0" classname="testNGClasses.ExecuteOps">
    <skipped/>
  </testcase> <!-- @AfterTest endSession -->
  <testcase name="execute" time="0.0" classname="testNGClasses.ExecuteOps">
    <skipped/>
  </testcase> <!-- execute -->
</testsuite> <!-- ExecuteOps -->
